[11 Feb, 2025 - 16:32:54:3254] [34minfo[39m: [34m📑 Visit the documentation at: http://localhost:8080[39m
[11 Feb, 2025 - 16:32:54:3254] [34minfo[39m: [34m⚙️  Server is running on port: 8080[39m
[11 Feb, 2025 - 16:32:58:3258] [35mhttp[39m: [35m::1 GET / 200 - 1.502 ms[39m
[11 Feb, 2025 - 16:32:58:3258] [35mhttp[39m: [35m::1 GET /swagger-ui.css 200 - 2.319 ms[39m
[11 Feb, 2025 - 16:32:58:3258] [35mhttp[39m: [35m::1 GET /swagger-ui-init.js 200 - 0.289 ms[39m
[11 Feb, 2025 - 16:32:58:3258] [35mhttp[39m: [35m::1 GET /swagger-ui-standalone-preset.js 200 - 1.773 ms[39m
[11 Feb, 2025 - 16:32:58:3258] [35mhttp[39m: [35m::1 GET /swagger-ui-bundle.js 200 - 2.748 ms[39m
[11 Feb, 2025 - 16:32:58:3258] [35mhttp[39m: [35m::1 GET /favicon-32x32.png 200 - 1.223 ms[39m
[11 Feb, 2025 - 16:32:58:3258] [35mhttp[39m: [35m::1 GET /favicon-16x16.png 200 - 2.221 ms[39m
[11 Feb, 2025 - 16:33:21:3321] [35mhttp[39m: [35m::1 GET / 200 - 8.160 ms[39m
[11 Feb, 2025 - 16:33:22:3322] [35mhttp[39m: [35m::1 GET /swagger-ui-init.js 200 - 0.830 ms[39m
[11 Feb, 2025 - 16:33:22:3322] [35mhttp[39m: [35m::1 GET /swagger-ui.css 200 - 5.730 ms[39m
[11 Feb, 2025 - 16:33:22:3322] [35mhttp[39m: [35m::1 GET /swagger-ui-standalone-preset.js 200 - 9.258 ms[39m
[11 Feb, 2025 - 16:33:22:3322] [35mhttp[39m: [35m::1 GET /swagger-ui-bundle.js 200 - 11.435 ms[39m
[11 Feb, 2025 - 16:33:22:3322] [35mhttp[39m: [35m::1 GET /favicon-32x32.png 200 - 3.577 ms[39m
[11 Feb, 2025 - 16:34:59:3459] [34minfo[39m: [34m📑 Visit the documentation at: http://localhost:9000[39m
[11 Feb, 2025 - 16:34:59:3459] [34minfo[39m: [34m⚙️  Server is running on port: 9000[39m
[11 Feb, 2025 - 16:41:45:4145] [34minfo[39m: [34m📑 Visit the documentation at: http://localhost:9000[39m
[11 Feb, 2025 - 16:41:45:4145] [34minfo[39m: [34m⚙️  Server is running on port: 9000[39m
[11 Feb, 2025 - 16:41:49:4149] [34minfo[39m: [34m📑 Visit the documentation at: http://localhost:9000[39m
[11 Feb, 2025 - 16:41:49:4149] [34minfo[39m: [34m⚙️  Server is running on port: 9000[39m
[11 Feb, 2025 - 16:41:54:4154] [34minfo[39m: [34m📑 Visit the documentation at: http://localhost:9000[39m
[11 Feb, 2025 - 16:41:54:4154] [34minfo[39m: [34m⚙️  Server is running on port: 9000[39m
[11 Feb, 2025 - 16:41:56:4156] [34minfo[39m: [34m📑 Visit the documentation at: http://localhost:9000[39m
[11 Feb, 2025 - 16:41:56:4156] [34minfo[39m: [34m⚙️  Server is running on port: 9000[39m
[11 Feb, 2025 - 16:43:54:4354] [34minfo[39m: [34m📑 Visit the documentation at: http://localhost:9000[39m
[11 Feb, 2025 - 16:43:54:4354] [34minfo[39m: [34m⚙️  Server is running on port: 9000[39m
[11 Feb, 2025 - 16:44:44:4444] [34minfo[39m: [34m📑 Visit the documentation at: http://localhost:9000[39m
[11 Feb, 2025 - 16:44:44:4444] [34minfo[39m: [34m⚙️  Server is running on port: 9000[39m
[11 Feb, 2025 - 16:46:56:4656] [34minfo[39m: [34m📑 Visit the documentation at: http://localhost:9000[39m
[11 Feb, 2025 - 16:46:56:4656] [34minfo[39m: [34m⚙️  Server is running on port: 9000[39m
[11 Feb, 2025 - 16:48:05:485] [34minfo[39m: [34m📑 Visit the documentation at: http://localhost:9000[39m
[11 Feb, 2025 - 16:48:05:485] [34minfo[39m: [34m⚙️  Server is running on port: 9000[39m
[11 Feb, 2025 - 17:01:11:111] [34minfo[39m: [34m📑 Visit the documentation at: http://localhost:9000[39m
[11 Feb, 2025 - 17:01:11:111] [34minfo[39m: [34m⚙️  Server is running on port: 9000[39m
[11 Feb, 2025 - 19:05:31:531] [34minfo[39m: [34m📑 Visit the documentation at: http://localhost:9000[39m
[11 Feb, 2025 - 19:05:31:531] [34minfo[39m: [34m⚙️  Server is running on port: 9000[39m
[11 Feb, 2025 - 19:07:05:75] [34minfo[39m: [34m📑 Visit the documentation at: http://localhost:9000[39m
[11 Feb, 2025 - 19:07:05:75] [34minfo[39m: [34m⚙️  Server is running on port: 9000[39m
[11 Feb, 2025 - 19:08:35:835] [34minfo[39m: [34m📑 Visit the documentation at: http://localhost:9000[39m
[11 Feb, 2025 - 19:08:35:835] [34minfo[39m: [34m⚙️  Server is running on port: 9000[39m
[11 Feb, 2025 - 19:08:36:836] [34minfo[39m: [34m📑 Visit the documentation at: http://localhost:9000[39m
[11 Feb, 2025 - 19:08:36:836] [34minfo[39m: [34m⚙️  Server is running on port: 9000[39m
[11 Feb, 2025 - 19:09:13:913] [34minfo[39m: [34m📑 Visit the documentation at: http://localhost:9000[39m
[11 Feb, 2025 - 19:09:13:913] [34minfo[39m: [34m⚙️  Server is running on port: 9000[39m
[11 Feb, 2025 - 19:09:14:914] [34minfo[39m: [34m📑 Visit the documentation at: http://localhost:9000[39m
[11 Feb, 2025 - 19:09:14:914] [34minfo[39m: [34m⚙️  Server is running on port: 9000[39m
[11 Feb, 2025 - 23:14:31:1431] [34minfo[39m: [34m📑 Visit the documentation at: http://localhost:9000[39m
[11 Feb, 2025 - 23:14:31:1431] [34minfo[39m: [34m⚙️  Server is running on port: 9000[39m
[11 Feb, 2025 - 23:15:15:1515] [35mhttp[39m: [35m::1 GET / 200 - 3.311 ms[39m
[11 Feb, 2025 - 23:15:16:1516] [35mhttp[39m: [35m::1 GET /swagger-ui-init.js 200 - 4.614 ms[39m
[11 Feb, 2025 - 23:15:16:1516] [35mhttp[39m: [35m::1 GET /swagger-ui.css 200 - 8.582 ms[39m
[11 Feb, 2025 - 23:15:16:1516] [35mhttp[39m: [35m::1 GET /swagger-ui-standalone-preset.js 200 - 24.897 ms[39m
[11 Feb, 2025 - 23:15:16:1516] [35mhttp[39m: [35m::1 GET /swagger-ui-bundle.js 200 - 12.804 ms[39m
[11 Feb, 2025 - 23:15:16:1516] [35mhttp[39m: [35m::1 GET /favicon-32x32.png 200 - 1.229 ms[39m
[11 Feb, 2025 - 23:15:24:1524] [35mhttp[39m: [35m::1 GET / 304 - 7.109 ms[39m
[11 Feb, 2025 - 23:15:24:1524] [35mhttp[39m: [35m::1 GET /swagger-ui-bundle.js 304 - 2.204 ms[39m
[11 Feb, 2025 - 23:15:24:1524] [35mhttp[39m: [35m::1 GET /swagger-ui.css 304 - 4.384 ms[39m
[11 Feb, 2025 - 23:15:24:1524] [35mhttp[39m: [35m::1 GET /swagger-ui-standalone-preset.js 304 - 1.218 ms[39m
[11 Feb, 2025 - 23:15:24:1524] [35mhttp[39m: [35m::1 GET /swagger-ui-init.js 304 - 1.342 ms[39m
[14 Apr, 2025 - 06:31:41:3141] [34minfo[39m: [34m📑 Visit the documentation at: http://localhost:8080[39m
[14 Apr, 2025 - 06:31:41:3141] [34minfo[39m: [34m⚙️  Server is running on port: undefined[39m
[14 Apr, 2025 - 06:32:51:3251] [34minfo[39m: [34m📑 Visit the documentation at: http://localhost:8080[39m
[14 Apr, 2025 - 06:32:51:3251] [34minfo[39m: [34m⚙️  Server is running on port: 8080[39m
[14 Apr, 2025 - 06:33:08:338] [34minfo[39m: [34m📑 Visit the documentation at: http://localhost:8080[39m
[14 Apr, 2025 - 06:33:08:338] [34minfo[39m: [34m⚙️  Server is running on port: 8080[39m
[14 Apr, 2025 - 06:33:26:3326] [34minfo[39m: [34m📑 Visit the documentation at: http://localhost:8080[39m
[14 Apr, 2025 - 06:33:26:3326] [34minfo[39m: [34m⚙️  Server is running on port: 8080[39m
[14 Apr, 2025 - 06:33:30:3330] [34minfo[39m: [34m📑 Visit the documentation at: http://localhost:8080[39m
[14 Apr, 2025 - 06:33:30:3330] [34minfo[39m: [34m⚙️  Server is running on port: 8080[39m
[14 Apr, 2025 - 06:33:45:3345] [34minfo[39m: [34m📑 Visit the documentation at: http://localhost:4000[39m
[14 Apr, 2025 - 06:33:45:3345] [34minfo[39m: [34m⚙️  Server is running on port: 4000[39m
[14 Apr, 2025 - 06:33:58:3358] [34minfo[39m: [34m📑 Visit the documentation at: http://localhost:4000[39m
[14 Apr, 2025 - 06:33:58:3358] [34minfo[39m: [34m⚙️  Server is running on port: 4000[39m
[14 Apr, 2025 - 06:33:59:3359] [35mhttp[39m: [35m::1 GET / 200 - 3.859 ms[39m
[14 Apr, 2025 - 06:34:00:340] [35mhttp[39m: [35m::1 GET /swagger-ui-init.js 200 - 4.919 ms[39m
[14 Apr, 2025 - 06:34:00:340] [35mhttp[39m: [35m::1 GET /swagger-ui.css 200 - 13.877 ms[39m
[14 Apr, 2025 - 06:34:00:340] [35mhttp[39m: [35m::1 GET /swagger-ui-standalone-preset.js 200 - 13.635 ms[39m
[14 Apr, 2025 - 06:34:00:340] [35mhttp[39m: [35m::1 GET /swagger-ui-bundle.js 200 - 15.401 ms[39m
[14 Apr, 2025 - 06:34:00:340] [35mhttp[39m: [35m::1 GET /favicon-32x32.png 200 - 0.522 ms[39m
[14 Apr, 2025 - 06:39:09:399] [35mhttp[39m: [35m::1 GET / 304 - 4.912 ms[39m
[14 Apr, 2025 - 06:39:09:399] [35mhttp[39m: [35m::1 GET /swagger-ui.css 304 - 2.922 ms[39m
[14 Apr, 2025 - 06:39:09:399] [35mhttp[39m: [35m::1 GET /swagger-ui-bundle.js 304 - 4.582 ms[39m
[14 Apr, 2025 - 06:39:09:399] [35mhttp[39m: [35m::1 GET /swagger-ui-init.js 304 - 2.039 ms[39m
[14 Apr, 2025 - 06:39:09:399] [35mhttp[39m: [35m::1 GET /swagger-ui-standalone-preset.js 304 - 4.997 ms[39m
[14 Apr, 2025 - 06:39:11:3911] [35mhttp[39m: [35m::1 GET / 304 - 0.983 ms[39m
[14 Apr, 2025 - 06:39:11:3911] [35mhttp[39m: [35m::1 GET /swagger-ui.css 304 - 0.262 ms[39m
[14 Apr, 2025 - 06:39:11:3911] [35mhttp[39m: [35m::1 GET /swagger-ui-init.js 304 - 2.292 ms[39m
[14 Apr, 2025 - 06:39:11:3911] [35mhttp[39m: [35m::1 GET /swagger-ui-bundle.js 304 - 9.778 ms[39m
[14 Apr, 2025 - 06:39:11:3911] [35mhttp[39m: [35m::1 GET /swagger-ui-standalone-preset.js 304 - 7.735 ms[39m
[14 Apr, 2025 - 06:39:12:3912] [35mhttp[39m: [35m::1 GET /favicon-32x32.png 304 - 0.209 ms[39m
[14 Apr, 2025 - 06:39:12:3912] [35mhttp[39m: [35m::1 GET / 304 - 0.834 ms[39m
[14 Apr, 2025 - 06:39:12:3912] [35mhttp[39m: [35m::1 GET /swagger-ui.css 304 - 1.216 ms[39m
[14 Apr, 2025 - 06:39:12:3912] [35mhttp[39m: [35m::1 GET /swagger-ui-bundle.js 304 - 1.993 ms[39m
[14 Apr, 2025 - 06:39:12:3912] [35mhttp[39m: [35m::1 GET /swagger-ui-init.js 304 - 0.704 ms[39m
[14 Apr, 2025 - 06:39:12:3912] [35mhttp[39m: [35m::1 GET /swagger-ui-standalone-preset.js 304 - 5.648 ms[39m
[14 Apr, 2025 - 06:39:12:3912] [35mhttp[39m: [35m::1 GET /favicon-32x32.png 304 - 0.384 ms[39m
[14 Apr, 2025 - 06:39:21:3921] [34minfo[39m: [34m📑 Visit the documentation at: http://localhost:4000[39m
[14 Apr, 2025 - 06:39:21:3921] [34minfo[39m: [34m⚙️  Server is running on port: 4000[39m
[14 Apr, 2025 - 06:39:27:3927] [35mhttp[39m: [35m::1 GET / 304 - 4.944 ms[39m
[14 Apr, 2025 - 06:39:27:3927] [35mhttp[39m: [35m::1 GET /swagger-ui.css 304 - 1.103 ms[39m
[14 Apr, 2025 - 06:39:27:3927] [35mhttp[39m: [35m::1 GET /swagger-ui-bundle.js 304 - 2.210 ms[39m
[14 Apr, 2025 - 06:39:27:3927] [35mhttp[39m: [35m::1 GET /swagger-ui-init.js 200 - 2.739 ms[39m
[14 Apr, 2025 - 06:39:27:3927] [35mhttp[39m: [35m::1 GET /swagger-ui-standalone-preset.js 304 - 6.751 ms[39m
[14 Apr, 2025 - 06:47:09:479] [34minfo[39m: [34m📑 Visit the documentation at: http://localhost:8080[39m
[14 Apr, 2025 - 06:47:09:479] [34minfo[39m: [34m⚙️  Server is running on port: undefined[39m
[14 Apr, 2025 - 06:47:13:4713] [35mhttp[39m: [35m::1 GET / 200 - 5.401 ms[39m
[14 Apr, 2025 - 06:47:13:4713] [35mhttp[39m: [35m::1 GET /swagger-ui-init.js 200 - 0.803 ms[39m
[14 Apr, 2025 - 06:47:13:4713] [35mhttp[39m: [35m::1 GET /swagger-ui.css 200 - 23.207 ms[39m
[14 Apr, 2025 - 06:47:13:4713] [35mhttp[39m: [35m::1 GET /swagger-ui-standalone-preset.js 200 - 20.669 ms[39m
[14 Apr, 2025 - 06:47:13:4713] [35mhttp[39m: [35m::1 GET /swagger-ui-bundle.js 200 - 23.584 ms[39m
[14 Apr, 2025 - 06:47:14:4714] [35mhttp[39m: [35m::1 GET /favicon-32x32.png 200 - 0.509 ms[39m
[14 Apr, 2025 - 06:48:12:4812] [34minfo[39m: [34m📑 Visit the documentation at: http://localhost:4100[39m
[14 Apr, 2025 - 06:48:12:4812] [34minfo[39m: [34m⚙️  Server is running on port: 4100[39m
[14 Apr, 2025 - 06:48:15:4815] [35mhttp[39m: [35m::1 GET / 200 - 7.544 ms[39m
[14 Apr, 2025 - 06:48:15:4815] [35mhttp[39m: [35m::1 GET /swagger-ui-init.js 200 - 0.305 ms[39m
[14 Apr, 2025 - 06:48:15:4815] [35mhttp[39m: [35m::1 GET /swagger-ui.css 200 - 17.706 ms[39m
[14 Apr, 2025 - 06:48:15:4815] [35mhttp[39m: [35m::1 GET /swagger-ui-standalone-preset.js 200 - 10.653 ms[39m
[14 Apr, 2025 - 06:48:15:4815] [35mhttp[39m: [35m::1 GET /swagger-ui-bundle.js 200 - 10.046 ms[39m
[14 Apr, 2025 - 06:48:15:4815] [35mhttp[39m: [35m::1 GET /favicon-32x32.png 200 - 1.316 ms[39m
[14 Apr, 2025 - 08:25:21:2521] [34minfo[39m: [34m📑 Visit the documentation at: http://localhost:4100[39m
[14 Apr, 2025 - 08:25:21:2521] [34minfo[39m: [34m⚙️  Server is running on port: 4100[39m
[14 Apr, 2025 - 08:25:44:2544] [34minfo[39m: [34m📑 Visit the documentation at: http://localhost:4100[39m
[14 Apr, 2025 - 08:25:44:2544] [34minfo[39m: [34m⚙️  Server is running on port: 4100[39m
[14 Apr, 2025 - 08:25:47:2547] [35mhttp[39m: [35m::1 GET / 304 - 7.937 ms[39m
[14 Apr, 2025 - 08:25:47:2547] [35mhttp[39m: [35m::1 GET /swagger-ui-init.js 304 - 0.364 ms[39m
[14 Apr, 2025 - 08:25:47:2547] [35mhttp[39m: [35m::1 GET /swagger-ui.css 200 - 7.747 ms[39m
[14 Apr, 2025 - 08:25:47:2547] [35mhttp[39m: [35m::1 GET /swagger-ui-standalone-preset.js 200 - 7.691 ms[39m
[14 Apr, 2025 - 08:25:47:2547] [35mhttp[39m: [35m::1 GET /swagger-ui-bundle.js 200 - 5.163 ms[39m
[14 Apr, 2025 - 08:26:32:2632] [34minfo[39m: [34m📑 Visit the documentation at: http://localhost:4100[39m
[14 Apr, 2025 - 08:26:32:2632] [34minfo[39m: [34m⚙️  Server is running on port: 4100[39m
[14 Apr, 2025 - 08:28:39:2839] [34minfo[39m: [34m📑 Visit the documentation at: http://localhost:4100[39m
[14 Apr, 2025 - 08:28:39:2839] [34minfo[39m: [34m⚙️  Server is running on port: 4100[39m
[14 Apr, 2025 - 08:31:37:3137] [35mhttp[39m: [35m::1 GET /api/users/current-users 200 - 8.756 ms[39m
[14 Apr, 2025 - 08:32:52:3252] [34minfo[39m: [34m📑 Visit the documentation at: http://localhost:4100[39m
[14 Apr, 2025 - 08:32:52:3252] [34minfo[39m: [34m⚙️  Server is running on port: 4100[39m
[14 Apr, 2025 - 08:32:54:3254] [35mhttp[39m: [35m::1 GET /api/users/current-users 200 - 1.970 ms[39m
[14 Apr, 2025 - 08:32:54:3254] [35mhttp[39m: [35m::1 GET /api/users/current-users 200 - 0.660 ms[39m
[14 Apr, 2025 - 08:33:33:3333] [35mhttp[39m: [35m::1 GET /api/users/current-user 200 - 5.622 ms[39m
[14 Apr, 2025 - 08:33:37:3337] [35mhttp[39m: [35m::1 GET /api/users/current-user 200 - 0.484 ms[39m
[14 Apr, 2025 - 08:34:49:3449] [35mhttp[39m: [35m::1 GET /api/v1/users/current-user - - - ms[39m
[14 Apr, 2025 - 08:35:19:3519] [34minfo[39m: [34m📑 Visit the documentation at: http://localhost:4100[39m
[14 Apr, 2025 - 08:35:19:3519] [34minfo[39m: [34m⚙️  Server is running on port: 4100[39m
[14 Apr, 2025 - 08:36:11:3611] [34minfo[39m: [34m📑 Visit the documentation at: http://localhost:4100[39m
[14 Apr, 2025 - 08:36:11:3611] [34minfo[39m: [34m⚙️  Server is running on port: 4100[39m
[14 Apr, 2025 - 08:37:25:3725] [34minfo[39m: [34m📑 Visit the documentation at: http://localhost:4100[39m
[14 Apr, 2025 - 08:37:25:3725] [34minfo[39m: [34m⚙️  Server is running on port: 4100[39m
[14 Apr, 2025 - 08:38:05:385] [35mhttp[39m: [35m::1 GET /api/v1/users/current-user - - - ms[39m
[14 Apr, 2025 - 08:41:31:4131] [34minfo[39m: [34m📑 Visit the documentation at: http://localhost:4100[39m
[14 Apr, 2025 - 08:41:31:4131] [34minfo[39m: [34m⚙️  Server is running on port: 4100[39m
[14 Apr, 2025 - 08:41:36:4136] [35mhttp[39m: [35m::1 GET /api/v1/users/current-user 200 - 63.069 ms[39m
[14 Apr, 2025 - 08:41:45:4145] [34minfo[39m: [34m📑 Visit the documentation at: http://localhost:4100[39m
[14 Apr, 2025 - 08:41:45:4145] [34minfo[39m: [34m⚙️  Server is running on port: 4100[39m
[14 Apr, 2025 - 08:42:08:428] [34minfo[39m: [34m📑 Visit the documentation at: http://localhost:4100[39m
[14 Apr, 2025 - 08:42:08:428] [34minfo[39m: [34m⚙️  Server is running on port: 4100[39m
[14 Apr, 2025 - 08:42:53:4253] [34minfo[39m: [34m📑 Visit the documentation at: http://localhost:4100[39m
[14 Apr, 2025 - 08:42:53:4253] [34minfo[39m: [34m⚙️  Server is running on port: 4100[39m
[14 Apr, 2025 - 08:42:58:4258] [34minfo[39m: [34m📑 Visit the documentation at: http://localhost:4100[39m
[14 Apr, 2025 - 08:42:58:4258] [34minfo[39m: [34m⚙️  Server is running on port: 4100[39m
[14 Apr, 2025 - 08:43:29:4329] [35mhttp[39m: [35m::1 GET /api/v1/users/current-user 200 - 80.997 ms[39m
[14 Apr, 2025 - 08:48:03:483] [34minfo[39m: [34m📑 Visit the documentation at: http://localhost:4100[39m
[14 Apr, 2025 - 08:48:03:483] [34minfo[39m: [34m⚙️  Server is running on port: 4100[39m
[14 Apr, 2025 - 08:50:48:5048] [35mhttp[39m: [35m::1 GET /api/v1/users/current-user 200 - 105.965 ms[39m
[14 Apr, 2025 - 10:00:44:044] [34minfo[39m: [34m📑 Visit the documentation at: http://localhost:4100[39m
[14 Apr, 2025 - 10:00:44:044] [34minfo[39m: [34m⚙️  Server is running on port: 4100[39m
[14 Apr, 2025 - 10:13:34:1334] [34minfo[39m: [34m📑 Visit the documentation at: http://localhost:4100[39m
[14 Apr, 2025 - 10:13:34:1334] [34minfo[39m: [34m⚙️  Server is running on port: 4100[39m
[14 Apr, 2025 - 10:21:06:216] [34minfo[39m: [34m📑 Visit the documentation at: http://localhost:4100[39m
[14 Apr, 2025 - 10:21:06:216] [34minfo[39m: [34m⚙️  Server is running on port: 4100[39m
[14 Apr, 2025 - 10:21:15:2115] [35mhttp[39m: [35m::1 GET / 200 - 3.079 ms[39m
[14 Apr, 2025 - 10:21:16:2116] [35mhttp[39m: [35m::1 GET /swagger-ui.css 304 - 1.685 ms[39m
[14 Apr, 2025 - 10:21:16:2116] [35mhttp[39m: [35m::1 GET /swagger-ui-standalone-preset.js 304 - 3.186 ms[39m
[14 Apr, 2025 - 10:21:16:2116] [35mhttp[39m: [35m::1 GET /swagger-ui-bundle.js 304 - 4.550 ms[39m
[14 Apr, 2025 - 10:21:16:2116] [35mhttp[39m: [35m::1 GET /swagger-ui-init.js 200 - 1.325 ms[39m
[14 Apr, 2025 - 10:21:16:2116] [35mhttp[39m: [35m::1 GET /favicon-32x32.png 200 - 2.003 ms[39m
[14 Apr, 2025 - 10:21:35:2135] [35mhttp[39m: [35m::1 GET /api/v1/users/current-user 200 - 85.018 ms[39m
[14 Apr, 2025 - 10:24:53:2453] [34minfo[39m: [34m📑 Visit the documentation at: http://localhost:4100[39m
[14 Apr, 2025 - 10:24:53:2453] [34minfo[39m: [34m⚙️  Server is running on port: 4100[39m
[14 Apr, 2025 - 10:25:33:2533] [34minfo[39m: [34m📑 Visit the documentation at: http://localhost:4100[39m
[14 Apr, 2025 - 10:25:33:2533] [34minfo[39m: [34m⚙️  Server is running on port: 4100[39m
[14 Apr, 2025 - 10:25:38:2538] [35mhttp[39m: [35m::1 GET / 200 - 2.525 ms[39m
[14 Apr, 2025 - 10:25:38:2538] [35mhttp[39m: [35m::1 GET /swagger-ui.css 304 - 2.353 ms[39m
[14 Apr, 2025 - 10:25:38:2538] [35mhttp[39m: [35m::1 GET /swagger-ui-bundle.js 304 - 3.439 ms[39m
[14 Apr, 2025 - 10:25:38:2538] [35mhttp[39m: [35m::1 GET /swagger-ui-standalone-preset.js 304 - 0.636 ms[39m
[14 Apr, 2025 - 10:25:38:2538] [35mhttp[39m: [35m::1 GET /swagger-ui-init.js 304 - 0.467 ms[39m
[14 Apr, 2025 - 10:25:38:2538] [35mhttp[39m: [35m::1 GET /favicon-32x32.png 304 - 2.349 ms[39m
[14 Apr, 2025 - 10:25:38:2538] [35mhttp[39m: [35m::1 GET / 304 - 0.293 ms[39m
[14 Apr, 2025 - 10:25:38:2538] [35mhttp[39m: [35m::1 GET /swagger-ui.css 304 - 0.444 ms[39m
[14 Apr, 2025 - 10:25:38:2538] [35mhttp[39m: [35m::1 GET /swagger-ui-init.js 304 - 0.322 ms[39m
[14 Apr, 2025 - 10:25:38:2538] [35mhttp[39m: [35m::1 GET /swagger-ui-bundle.js 304 - 2.480 ms[39m
[14 Apr, 2025 - 10:25:38:2538] [35mhttp[39m: [35m::1 GET /swagger-ui-standalone-preset.js 304 - 3.461 ms[39m
[14 Apr, 2025 - 10:25:38:2538] [35mhttp[39m: [35m::1 GET /favicon-32x32.png 304 - 0.364 ms[39m
[14 Apr, 2025 - 10:25:46:2546] [35mhttp[39m: [35m::1 GET /api/v1/users/current-user 304 - 80.916 ms[39m
[14 Apr, 2025 - 10:26:38:2638] [34minfo[39m: [34m📑 Visit the documentation at: http://localhost:4100[39m
[14 Apr, 2025 - 10:26:38:2638] [34minfo[39m: [34m⚙️  Server is running on port: 4100[39m
[14 Apr, 2025 - 10:29:40:2940] [34minfo[39m: [34m📑 Visit the documentation at: http://localhost:4100[39m
[14 Apr, 2025 - 10:29:40:2940] [34minfo[39m: [34m⚙️  Server is running on port: 4100[39m
[14 Apr, 2025 - 10:29:42:2942] [35mhttp[39m: [35m::1 GET / 304 - 3.341 ms[39m
[14 Apr, 2025 - 10:29:42:2942] [35mhttp[39m: [35m::1 GET /swagger-ui.css 304 - 3.148 ms[39m
[14 Apr, 2025 - 10:29:42:2942] [35mhttp[39m: [35m::1 GET /swagger-ui-bundle.js 304 - 5.677 ms[39m
[14 Apr, 2025 - 10:29:42:2942] [35mhttp[39m: [35m::1 GET /swagger-ui-standalone-preset.js 304 - 1.540 ms[39m
[14 Apr, 2025 - 10:29:42:2942] [35mhttp[39m: [35m::1 GET /swagger-ui-init.js 304 - 0.402 ms[39m
[14 Apr, 2025 - 10:29:42:2942] [35mhttp[39m: [35m::1 GET /favicon-32x32.png 304 - 4.103 ms[39m
[14 Apr, 2025 - 10:29:48:2948] [35mhttp[39m: [35m::1 GET /api/v1/users/current-user 304 - 88.970 ms[39m
[14 Apr, 2025 - 10:30:09:309] [34minfo[39m: [34m📑 Visit the documentation at: http://localhost:4100[39m
[14 Apr, 2025 - 10:30:09:309] [34minfo[39m: [34m⚙️  Server is running on port: 4100[39m
[14 Apr, 2025 - 10:30:12:3012] [35mhttp[39m: [35m::1 GET / 304 - 1.846 ms[39m
[14 Apr, 2025 - 10:30:12:3012] [35mhttp[39m: [35m::1 GET /swagger-ui.css 304 - 6.557 ms[39m
[14 Apr, 2025 - 10:30:12:3012] [35mhttp[39m: [35m::1 GET /swagger-ui-bundle.js 304 - 4.904 ms[39m
[14 Apr, 2025 - 10:30:12:3012] [35mhttp[39m: [35m::1 GET /swagger-ui-init.js 200 - 0.752 ms[39m
[14 Apr, 2025 - 10:30:12:3012] [35mhttp[39m: [35m::1 GET /swagger-ui-standalone-preset.js 304 - 3.363 ms[39m
[14 Apr, 2025 - 10:30:12:3012] [35mhttp[39m: [35m::1 GET /favicon-32x32.png 304 - 0.242 ms[39m
[14 Apr, 2025 - 10:31:22:3122] [34minfo[39m: [34m📑 Visit the documentation at: http://localhost:4100[39m
[14 Apr, 2025 - 10:31:22:3122] [34minfo[39m: [34m⚙️  Server is running on port: 4100[39m
[14 Apr, 2025 - 10:31:43:3143] [34minfo[39m: [34m📑 Visit the documentation at: http://localhost:4100[39m
[14 Apr, 2025 - 10:31:43:3143] [34minfo[39m: [34m⚙️  Server is running on port: 4100[39m
[14 Apr, 2025 - 10:32:05:325] [34minfo[39m: [34m📑 Visit the documentation at: http://localhost:4100[39m
[14 Apr, 2025 - 10:32:05:325] [34minfo[39m: [34m⚙️  Server is running on port: 4100[39m
[14 Apr, 2025 - 10:32:23:3223] [35mhttp[39m: [35m::1 GET / 304 - 1.884 ms[39m
[14 Apr, 2025 - 10:32:23:3223] [35mhttp[39m: [35m::1 GET /swagger-ui.css 304 - 2.470 ms[39m
[14 Apr, 2025 - 10:32:23:3223] [35mhttp[39m: [35m::1 GET /swagger-ui-bundle.js 304 - 4.843 ms[39m
[14 Apr, 2025 - 10:32:23:3223] [35mhttp[39m: [35m::1 GET /swagger-ui-init.js 304 - 1.411 ms[39m
[14 Apr, 2025 - 10:32:23:3223] [35mhttp[39m: [35m::1 GET /swagger-ui-standalone-preset.js 304 - 3.074 ms[39m
[14 Apr, 2025 - 10:32:23:3223] [35mhttp[39m: [35m::1 GET / 304 - 0.713 ms[39m
[14 Apr, 2025 - 10:32:23:3223] [35mhttp[39m: [35m::1 GET /swagger-ui-init.js 304 - 4.137 ms[39m
[14 Apr, 2025 - 10:32:23:3223] [35mhttp[39m: [35m::1 GET /swagger-ui.css 304 - 9.816 ms[39m
[14 Apr, 2025 - 10:32:23:3223] [35mhttp[39m: [35m::1 GET /swagger-ui-bundle.js 304 - 10.895 ms[39m
[14 Apr, 2025 - 10:32:23:3223] [35mhttp[39m: [35m::1 GET /swagger-ui-standalone-preset.js 304 - 12.477 ms[39m
[14 Apr, 2025 - 10:32:23:3223] [35mhttp[39m: [35m::1 GET /favicon-32x32.png 304 - 0.624 ms[39m
[14 Apr, 2025 - 10:34:31:3431] [34minfo[39m: [34m📑 Visit the documentation at: http://localhost:4100[39m
[14 Apr, 2025 - 10:34:31:3431] [34minfo[39m: [34m⚙️  Server is running on port: 4100[39m
[14 Apr, 2025 - 10:34:32:3432] [35mhttp[39m: [35m::1 GET / 304 - 1.692 ms[39m
[14 Apr, 2025 - 10:34:32:3432] [35mhttp[39m: [35m::1 GET /swagger-ui-init.js 200 - 1.493 ms[39m
[14 Apr, 2025 - 10:34:32:3432] [35mhttp[39m: [35m::1 GET /swagger-ui.css 304 - 4.647 ms[39m
[14 Apr, 2025 - 10:34:32:3432] [35mhttp[39m: [35m::1 GET /swagger-ui-bundle.js 304 - 0.461 ms[39m
[14 Apr, 2025 - 10:34:32:3432] [35mhttp[39m: [35m::1 GET /swagger-ui-standalone-preset.js 304 - 1.327 ms[39m
[14 Apr, 2025 - 10:34:32:3432] [35mhttp[39m: [35m::1 GET / 304 - 0.381 ms[39m
[14 Apr, 2025 - 10:34:32:3432] [35mhttp[39m: [35m::1 GET /swagger-ui-init.js 304 - 0.315 ms[39m
[14 Apr, 2025 - 10:34:32:3432] [35mhttp[39m: [35m::1 GET /swagger-ui-bundle.js 304 - 1.334 ms[39m
[14 Apr, 2025 - 10:34:32:3432] [35mhttp[39m: [35m::1 GET /swagger-ui.css 304 - 1.679 ms[39m
[14 Apr, 2025 - 10:34:32:3432] [35mhttp[39m: [35m::1 GET /swagger-ui-standalone-preset.js 304 - 2.208 ms[39m
[14 Apr, 2025 - 10:34:32:3432] [35mhttp[39m: [35m::1 GET / 304 - 0.519 ms[39m
[14 Apr, 2025 - 10:34:32:3432] [35mhttp[39m: [35m::1 GET /swagger-ui-init.js 304 - 0.711 ms[39m
[14 Apr, 2025 - 10:34:32:3432] [35mhttp[39m: [35m::1 GET /swagger-ui.css 304 - 5.735 ms[39m
[14 Apr, 2025 - 10:34:32:3432] [35mhttp[39m: [35m::1 GET /swagger-ui-bundle.js 304 - 3.159 ms[39m
[14 Apr, 2025 - 10:34:32:3432] [35mhttp[39m: [35m::1 GET /swagger-ui-standalone-preset.js 304 - 4.499 ms[39m
[14 Apr, 2025 - 10:34:32:3432] [35mhttp[39m: [35m::1 GET /favicon-32x32.png 304 - 0.128 ms[39m
[14 Apr, 2025 - 10:34:32:3432] [35mhttp[39m: [35m::1 GET /favicon-32x32.png 304 - 0.431 ms[39m
[14 Apr, 2025 - 10:34:33:3433] [35mhttp[39m: [35m::1 GET / 304 - 0.728 ms[39m
[14 Apr, 2025 - 10:34:33:3433] [35mhttp[39m: [35m::1 GET /swagger-ui.css 304 - 0.901 ms[39m
[14 Apr, 2025 - 10:34:33:3433] [35mhttp[39m: [35m::1 GET /swagger-ui-bundle.js 304 - 2.890 ms[39m
[14 Apr, 2025 - 10:34:33:3433] [35mhttp[39m: [35m::1 GET /swagger-ui-standalone-preset.js 304 - 1.258 ms[39m
[14 Apr, 2025 - 10:34:33:3433] [35mhttp[39m: [35m::1 GET /swagger-ui-init.js 304 - 0.816 ms[39m
[14 Apr, 2025 - 10:34:33:3433] [35mhttp[39m: [35m::1 GET /favicon-32x32.png 304 - 0.341 ms[39m
[14 Apr, 2025 - 10:34:33:3433] [35mhttp[39m: [35m::1 GET / 304 - 0.645 ms[39m
[14 Apr, 2025 - 10:34:33:3433] [35mhttp[39m: [35m::1 GET /swagger-ui.css 304 - 0.356 ms[39m
[14 Apr, 2025 - 10:34:33:3433] [35mhttp[39m: [35m::1 GET /swagger-ui-bundle.js 304 - 0.907 ms[39m
[14 Apr, 2025 - 10:34:33:3433] [35mhttp[39m: [35m::1 GET /swagger-ui-init.js 304 - 0.405 ms[39m
[14 Apr, 2025 - 10:34:33:3433] [35mhttp[39m: [35m::1 GET /swagger-ui-standalone-preset.js 304 - 1.534 ms[39m
[14 Apr, 2025 - 10:34:33:3433] [35mhttp[39m: [35m::1 GET /favicon-32x32.png 304 - 0.762 ms[39m
[14 Apr, 2025 - 10:35:12:3512] [35mhttp[39m: [35m::1 GET / 304 - 1.077 ms[39m
[14 Apr, 2025 - 10:35:12:3512] [35mhttp[39m: [35m::1 GET /swagger-ui.css 304 - 0.737 ms[39m
[14 Apr, 2025 - 10:35:12:3512] [35mhttp[39m: [35m::1 GET /swagger-ui-standalone-preset.js 304 - 1.609 ms[39m
[14 Apr, 2025 - 10:35:12:3512] [35mhttp[39m: [35m::1 GET /swagger-ui-init.js 304 - 0.515 ms[39m
[14 Apr, 2025 - 10:35:12:3512] [35mhttp[39m: [35m::1 GET /swagger-ui-bundle.js 304 - 1.102 ms[39m
[14 Apr, 2025 - 10:35:12:3512] [35mhttp[39m: [35m::1 GET /favicon-32x32.png 304 - 3.875 ms[39m
[14 Apr, 2025 - 10:35:30:3530] [34minfo[39m: [34m📑 Visit the documentation at: http://localhost:4100[39m
[14 Apr, 2025 - 10:35:30:3530] [34minfo[39m: [34m⚙️  Server is running on port: 4100[39m
[14 Apr, 2025 - 10:35:33:3533] [35mhttp[39m: [35m::1 GET / 304 - 2.418 ms[39m
[14 Apr, 2025 - 10:35:33:3533] [35mhttp[39m: [35m::1 GET /swagger-ui.css 304 - 3.698 ms[39m
[14 Apr, 2025 - 10:35:33:3533] [35mhttp[39m: [35m::1 GET /swagger-ui-bundle.js 304 - 6.576 ms[39m
[14 Apr, 2025 - 10:35:33:3533] [35mhttp[39m: [35m::1 GET /swagger-ui-init.js 200 - 0.561 ms[39m
[14 Apr, 2025 - 10:35:33:3533] [35mhttp[39m: [35m::1 GET /swagger-ui-standalone-preset.js 304 - 3.194 ms[39m
[14 Apr, 2025 - 10:35:34:3534] [35mhttp[39m: [35m::1 GET /favicon-32x32.png 304 - 0.361 ms[39m
[14 Apr, 2025 - 10:35:37:3537] [35mhttp[39m: [35m::1 GET /users/current-user 200 - 0.726 ms[39m
[14 Apr, 2025 - 10:36:14:3614] [34minfo[39m: [34m📑 Visit the documentation at: http://localhost:4100[39m
[14 Apr, 2025 - 10:36:14:3614] [34minfo[39m: [34m⚙️  Server is running on port: 4100[39m
[14 Apr, 2025 - 10:36:14:3614] [35mhttp[39m: [35m::1 GET / 304 - 2.145 ms[39m
[14 Apr, 2025 - 10:36:14:3614] [35mhttp[39m: [35m::1 GET /swagger-ui.css 304 - 3.360 ms[39m
[14 Apr, 2025 - 10:36:14:3614] [35mhttp[39m: [35m::1 GET /swagger-ui-bundle.js 304 - 5.312 ms[39m
[14 Apr, 2025 - 10:36:14:3614] [35mhttp[39m: [35m::1 GET /swagger-ui-init.js 200 - 0.449 ms[39m
[14 Apr, 2025 - 10:36:14:3614] [35mhttp[39m: [35m::1 GET /swagger-ui-standalone-preset.js 304 - 2.800 ms[39m
[14 Apr, 2025 - 10:36:14:3614] [35mhttp[39m: [35m::1 GET /favicon-32x32.png 304 - 0.365 ms[39m
[14 Apr, 2025 - 10:36:17:3617] [35mhttp[39m: [35m::1 GET /users/current-user 304 - 0.435 ms[39m
[14 Apr, 2025 - 10:38:30:3830] [34minfo[39m: [34m📑 Visit the documentation at: http://localhost:4100[39m
[14 Apr, 2025 - 10:38:30:3830] [34minfo[39m: [34m⚙️  Server is running on port: 4100[39m
[14 Apr, 2025 - 10:38:34:3834] [35mhttp[39m: [35m::1 GET / 304 - 2.592 ms[39m
[14 Apr, 2025 - 10:38:34:3834] [35mhttp[39m: [35m::1 GET /swagger-ui.css 304 - 3.861 ms[39m
[14 Apr, 2025 - 10:38:34:3834] [35mhttp[39m: [35m::1 GET /swagger-ui-bundle.js 304 - 3.549 ms[39m
[14 Apr, 2025 - 10:38:34:3834] [35mhttp[39m: [35m::1 GET /swagger-ui-init.js 200 - 1.159 ms[39m
[14 Apr, 2025 - 10:38:34:3834] [35mhttp[39m: [35m::1 GET /swagger-ui-standalone-preset.js 304 - 7.813 ms[39m
[14 Apr, 2025 - 10:38:34:3834] [35mhttp[39m: [35m::1 GET /favicon-32x32.png 304 - 0.151 ms[39m
[14 Apr, 2025 - 10:38:57:3857] [35mhttp[39m: [35m::1 GET /apple-touch-icon-precomposed.png 200 - 3.052 ms[39m
[14 Apr, 2025 - 10:38:57:3857] [35mhttp[39m: [35m::1 GET /apple-touch-icon.png 200 - 3.757 ms[39m
[14 Apr, 2025 - 10:38:57:3857] [35mhttp[39m: [35m::1 GET /favicon.ico 200 - 1.748 ms[39m
[14 Apr, 2025 - 10:38:57:3857] [35mhttp[39m: [35m::1 GET /users/current-use 200 - 0.928 ms[39m
[14 Apr, 2025 - 10:38:57:3857] [35mhttp[39m: [35m::1 GET /users/favicon-16x16.png 200 - 0.397 ms[39m
[14 Apr, 2025 - 10:38:57:3857] [35mhttp[39m: [35m::1 GET /users/favicon-32x32.png 200 - 1.095 ms[39m
[14 Apr, 2025 - 10:38:58:3858] [35mhttp[39m: [35m::1 GET /apple-touch-icon-precomposed.png 200 - 0.663 ms[39m
[14 Apr, 2025 - 10:38:58:3858] [35mhttp[39m: [35m::1 GET /apple-touch-icon.png 200 - 1.562 ms[39m
[14 Apr, 2025 - 10:38:58:3858] [35mhttp[39m: [35m::1 GET /favicon.ico 200 - 2.189 ms[39m
[14 Apr, 2025 - 10:38:58:3858] [35mhttp[39m: [35m::1 GET /users/current-use 200 - 0.310 ms[39m
[14 Apr, 2025 - 10:38:58:3858] [35mhttp[39m: [35m::1 GET /users/favicon-16x16.png 200 - 0.337 ms[39m
[14 Apr, 2025 - 10:38:58:3858] [35mhttp[39m: [35m::1 GET /users/favicon-32x32.png 200 - 0.916 ms[39m
[14 Apr, 2025 - 10:41:14:4114] [34minfo[39m: [34m📑 Visit the documentation at: http://localhost:4100[39m
[14 Apr, 2025 - 10:41:14:4114] [34minfo[39m: [34m⚙️  Server is running on port: 4100[39m
[14 Apr, 2025 - 10:41:14:4114] [35mhttp[39m: [35m::1 GET / 304 - 1.913 ms[39m
[14 Apr, 2025 - 10:41:15:4115] [35mhttp[39m: [35m::1 GET /swagger-ui.css 304 - 5.301 ms[39m
[14 Apr, 2025 - 10:41:15:4115] [35mhttp[39m: [35m::1 GET /swagger-ui-bundle.js 304 - 8.488 ms[39m
[14 Apr, 2025 - 10:41:15:4115] [35mhttp[39m: [35m::1 GET /swagger-ui-init.js 200 - 1.585 ms[39m
[14 Apr, 2025 - 10:41:15:4115] [35mhttp[39m: [35m::1 GET /swagger-ui-standalone-preset.js 304 - 4.240 ms[39m
[14 Apr, 2025 - 10:41:15:4115] [35mhttp[39m: [35m::1 GET /favicon-32x32.png 304 - 0.354 ms[39m
[14 Apr, 2025 - 10:41:18:4118] [35mhttp[39m: [35m::1 GET /users/current-user 304 - 0.837 ms[39m
[14 Apr, 2025 - 10:41:55:4155] [34minfo[39m: [34m📑 Visit the documentation at: http://localhost:4100[39m
[14 Apr, 2025 - 10:41:55:4155] [34minfo[39m: [34m⚙️  Server is running on port: 4100[39m
[14 Apr, 2025 - 10:44:44:4444] [34minfo[39m: [34m📑 Visit the documentation at: http://localhost:4100[39m
[14 Apr, 2025 - 10:44:44:4444] [34minfo[39m: [34m⚙️  Server is running on port: 4100[39m
[14 Apr, 2025 - 10:44:47:4447] [35mhttp[39m: [35m::1 GET / 304 - 3.360 ms[39m
[14 Apr, 2025 - 10:44:47:4447] [35mhttp[39m: [35m::1 GET /swagger-ui.css 304 - 7.200 ms[39m
[14 Apr, 2025 - 10:44:47:4447] [35mhttp[39m: [35m::1 GET /swagger-ui-bundle.js 304 - 8.507 ms[39m
[14 Apr, 2025 - 10:44:47:4447] [35mhttp[39m: [35m::1 GET /swagger-ui-init.js 200 - 0.444 ms[39m
[14 Apr, 2025 - 10:44:47:4447] [35mhttp[39m: [35m::1 GET /swagger-ui-standalone-preset.js 304 - 2.163 ms[39m
[14 Apr, 2025 - 10:44:47:4447] [35mhttp[39m: [35m::1 GET /favicon-32x32.png 304 - 1.509 ms[39m
[14 Apr, 2025 - 10:44:50:4450] [35mhttp[39m: [35m::1 GET /api/v1/users/current-user 304 - 83.758 ms[39m
[14 Apr, 2025 - 10:45:17:4517] [34minfo[39m: [34m📑 Visit the documentation at: http://localhost:4100[39m
[14 Apr, 2025 - 10:45:17:4517] [34minfo[39m: [34m⚙️  Server is running on port: 4100[39m
[14 Apr, 2025 - 10:49:50:4950] [34minfo[39m: [34m📑 Visit the documentation at: http://localhost:4100[39m
[14 Apr, 2025 - 10:49:50:4950] [34minfo[39m: [34m⚙️  Server is running on port: 4100[39m
[14 Apr, 2025 - 10:49:50:4950] [35mhttp[39m: [35m::1 GET / 304 - 2.171 ms[39m
[14 Apr, 2025 - 10:49:50:4950] [35mhttp[39m: [35m::1 GET /swagger-ui.css 304 - 2.170 ms[39m
[14 Apr, 2025 - 10:49:50:4950] [35mhttp[39m: [35m::1 GET /swagger-ui-standalone-preset.js 304 - 10.233 ms[39m
[14 Apr, 2025 - 10:49:50:4950] [35mhttp[39m: [35m::1 GET /swagger-ui-init.js 200 - 1.235 ms[39m
[14 Apr, 2025 - 10:49:50:4950] [35mhttp[39m: [35m::1 GET /swagger-ui-bundle.js 304 - 4.503 ms[39m
[14 Apr, 2025 - 10:49:50:4950] [35mhttp[39m: [35m::1 GET /favicon-32x32.png 304 - 1.022 ms[39m
[14 Apr, 2025 - 10:49:51:4951] [35mhttp[39m: [35m::1 GET / 304 - 0.884 ms[39m
[14 Apr, 2025 - 10:49:51:4951] [35mhttp[39m: [35m::1 GET /swagger-ui-init.js 304 - 1.732 ms[39m
[14 Apr, 2025 - 10:49:51:4951] [35mhttp[39m: [35m::1 GET /swagger-ui.css 304 - 5.400 ms[39m
[14 Apr, 2025 - 10:49:51:4951] [35mhttp[39m: [35m::1 GET /swagger-ui-bundle.js 304 - 6.896 ms[39m
[14 Apr, 2025 - 10:49:51:4951] [35mhttp[39m: [35m::1 GET /swagger-ui-standalone-preset.js 304 - 7.605 ms[39m
[14 Apr, 2025 - 10:49:51:4951] [35mhttp[39m: [35m::1 GET /favicon-32x32.png 304 - 0.846 ms[39m
[14 Apr, 2025 - 10:49:51:4951] [35mhttp[39m: [35m::1 GET / 304 - 0.402 ms[39m
[14 Apr, 2025 - 10:49:51:4951] [35mhttp[39m: [35m::1 GET /swagger-ui-init.js 304 - 0.337 ms[39m
[14 Apr, 2025 - 10:49:51:4951] [35mhttp[39m: [35m::1 GET /swagger-ui.css 304 - 2.352 ms[39m
[14 Apr, 2025 - 10:49:51:4951] [35mhttp[39m: [35m::1 GET /swagger-ui-bundle.js 304 - 3.126 ms[39m
[14 Apr, 2025 - 10:49:51:4951] [35mhttp[39m: [35m::1 GET /swagger-ui-standalone-preset.js 304 - 4.413 ms[39m
[14 Apr, 2025 - 10:49:51:4951] [35mhttp[39m: [35m::1 GET /favicon-32x32.png 304 - 0.311 ms[39m
[14 Apr, 2025 - 10:49:51:4951] [35mhttp[39m: [35m::1 GET / 304 - 0.714 ms[39m
[14 Apr, 2025 - 10:49:51:4951] [35mhttp[39m: [35m::1 GET /swagger-ui-init.js 304 - 1.962 ms[39m
[14 Apr, 2025 - 10:49:51:4951] [35mhttp[39m: [35m::1 GET /swagger-ui.css 304 - 3.270 ms[39m
[14 Apr, 2025 - 10:49:51:4951] [35mhttp[39m: [35m::1 GET /swagger-ui-bundle.js 304 - 4.532 ms[39m
[14 Apr, 2025 - 10:49:51:4951] [35mhttp[39m: [35m::1 GET /swagger-ui-standalone-preset.js 304 - 6.020 ms[39m
[14 Apr, 2025 - 10:49:52:4952] [35mhttp[39m: [35m::1 GET /favicon-32x32.png 304 - 0.322 ms[39m
[14 Apr, 2025 - 10:50:50:5050] [35mhttp[39m: [35m::1 GET / 304 - 1.788 ms[39m
[14 Apr, 2025 - 10:50:50:5050] [35mhttp[39m: [35m::1 GET /swagger-ui.css 304 - 2.292 ms[39m
[14 Apr, 2025 - 10:50:50:5050] [35mhttp[39m: [35m::1 GET /swagger-ui-standalone-preset.js 304 - 4.096 ms[39m
[14 Apr, 2025 - 10:50:50:5050] [35mhttp[39m: [35m::1 GET /swagger-ui-init.js 304 - 0.604 ms[39m
[14 Apr, 2025 - 10:50:50:5050] [35mhttp[39m: [35m::1 GET /swagger-ui-bundle.js 304 - 0.992 ms[39m
[14 Apr, 2025 - 10:50:50:5050] [35mhttp[39m: [35m::1 GET /favicon-32x32.png 304 - 3.567 ms[39m
[14 Apr, 2025 - 10:51:02:512] [34minfo[39m: [34m📑 Visit the documentation at: http://localhost:4100[39m
[14 Apr, 2025 - 10:51:02:512] [34minfo[39m: [34m⚙️  Server is running on port: 4100[39m
[14 Apr, 2025 - 10:51:03:513] [35mhttp[39m: [35m::1 GET / 304 - 2.687 ms[39m
[14 Apr, 2025 - 10:51:03:513] [35mhttp[39m: [35m::1 GET /swagger-ui.css 304 - 2.945 ms[39m
[14 Apr, 2025 - 10:51:03:513] [35mhttp[39m: [35m::1 GET /swagger-ui-bundle.js 304 - 5.328 ms[39m
[14 Apr, 2025 - 10:51:03:513] [35mhttp[39m: [35m::1 GET /swagger-ui-standalone-preset.js 304 - 10.887 ms[39m
[14 Apr, 2025 - 10:51:03:513] [35mhttp[39m: [35m::1 GET /swagger-ui-init.js 200 - 2.589 ms[39m
[14 Apr, 2025 - 10:51:03:513] [35mhttp[39m: [35m::1 GET /favicon-32x32.png 304 - 2.365 ms[39m
[14 Apr, 2025 - 10:52:03:523] [34minfo[39m: [34m📑 Visit the documentation at: http://localhost:4100[39m
[14 Apr, 2025 - 10:52:03:523] [34minfo[39m: [34m⚙️  Server is running on port: 4100[39m
[14 Apr, 2025 - 10:52:05:525] [35mhttp[39m: [35m::1 GET / 304 - 1.957 ms[39m
[14 Apr, 2025 - 10:52:05:525] [35mhttp[39m: [35m::1 GET /swagger-ui.css 304 - 1.465 ms[39m
[14 Apr, 2025 - 10:52:05:525] [35mhttp[39m: [35m::1 GET /swagger-ui-standalone-preset.js 304 - 2.750 ms[39m
[14 Apr, 2025 - 10:52:06:526] [35mhttp[39m: [35m::1 GET /swagger-ui-init.js 200 - 1.803 ms[39m
[14 Apr, 2025 - 10:52:06:526] [35mhttp[39m: [35m::1 GET /swagger-ui-bundle.js 304 - 0.314 ms[39m
[14 Apr, 2025 - 10:52:06:526] [35mhttp[39m: [35m::1 GET /favicon-32x32.png 304 - 0.633 ms[39m
[14 Apr, 2025 - 10:52:10:5210] [35mhttp[39m: [35m::1 GET / 304 - 0.915 ms[39m
[14 Apr, 2025 - 10:52:10:5210] [35mhttp[39m: [35m::1 GET /swagger-ui.css 304 - 0.930 ms[39m
[14 Apr, 2025 - 10:52:10:5210] [35mhttp[39m: [35m::1 GET /swagger-ui-bundle.js 304 - 1.549 ms[39m
[14 Apr, 2025 - 10:52:10:5210] [35mhttp[39m: [35m::1 GET /swagger-ui-init.js 304 - 0.703 ms[39m
[14 Apr, 2025 - 10:52:10:5210] [35mhttp[39m: [35m::1 GET /swagger-ui-standalone-preset.js 304 - 3.741 ms[39m
[14 Apr, 2025 - 10:52:10:5210] [35mhttp[39m: [35m::1 GET /favicon-32x32.png 304 - 1.633 ms[39m
[14 Apr, 2025 - 10:52:11:5211] [35mhttp[39m: [35m::1 GET / 304 - 0.695 ms[39m
[14 Apr, 2025 - 10:52:11:5211] [35mhttp[39m: [35m::1 GET /swagger-ui-init.js 304 - 0.176 ms[39m
[14 Apr, 2025 - 10:52:11:5211] [35mhttp[39m: [35m::1 GET /swagger-ui.css 304 - 2.071 ms[39m
[14 Apr, 2025 - 10:52:11:5211] [35mhttp[39m: [35m::1 GET /swagger-ui-bundle.js 304 - 2.740 ms[39m
[14 Apr, 2025 - 10:52:11:5211] [35mhttp[39m: [35m::1 GET /swagger-ui-standalone-preset.js 304 - 4.186 ms[39m
[14 Apr, 2025 - 10:52:11:5211] [35mhttp[39m: [35m::1 GET /favicon-32x32.png 304 - 0.249 ms[39m
[14 Apr, 2025 - 10:52:11:5211] [35mhttp[39m: [35m::1 GET / 304 - 0.805 ms[39m
[14 Apr, 2025 - 10:52:11:5211] [35mhttp[39m: [35m::1 GET /swagger-ui.css 304 - 0.252 ms[39m
[14 Apr, 2025 - 10:52:11:5211] [35mhttp[39m: [35m::1 GET /swagger-ui-bundle.js 304 - 1.365 ms[39m
[14 Apr, 2025 - 10:52:11:5211] [35mhttp[39m: [35m::1 GET /swagger-ui-standalone-preset.js 304 - 2.456 ms[39m
[14 Apr, 2025 - 10:52:11:5211] [35mhttp[39m: [35m::1 GET /swagger-ui-init.js 304 - 0.907 ms[39m
[14 Apr, 2025 - 10:52:11:5211] [35mhttp[39m: [35m::1 GET /favicon-32x32.png 304 - 0.275 ms[39m
[14 Apr, 2025 - 10:52:11:5211] [35mhttp[39m: [35m::1 GET / 304 - 0.653 ms[39m
[14 Apr, 2025 - 10:52:12:5212] [35mhttp[39m: [35m::1 GET /swagger-ui.css 304 - 0.277 ms[39m
[14 Apr, 2025 - 10:52:12:5212] [35mhttp[39m: [35m::1 GET /swagger-ui-init.js 304 - 0.201 ms[39m
[14 Apr, 2025 - 10:52:12:5212] [35mhttp[39m: [35m::1 GET /swagger-ui-bundle.js 304 - 1.846 ms[39m
[14 Apr, 2025 - 10:52:12:5212] [35mhttp[39m: [35m::1 GET /swagger-ui-standalone-preset.js 304 - 3.483 ms[39m
[14 Apr, 2025 - 10:52:12:5212] [35mhttp[39m: [35m::1 GET /favicon-32x32.png 304 - 0.375 ms[39m
[14 Apr, 2025 - 10:52:51:5251] [34minfo[39m: [34m📑 Visit the documentation at: http://localhost:4100[39m
[14 Apr, 2025 - 10:52:51:5251] [34minfo[39m: [34m⚙️  Server is running on port: 4100[39m
[14 Apr, 2025 - 10:52:52:5252] [35mhttp[39m: [35m::1 GET / 304 - 2.325 ms[39m
[14 Apr, 2025 - 10:52:52:5252] [35mhttp[39m: [35m::1 GET /swagger-ui.css 304 - 0.914 ms[39m
[14 Apr, 2025 - 10:52:52:5252] [35mhttp[39m: [35m::1 GET /swagger-ui-bundle.js 304 - 1.668 ms[39m
[14 Apr, 2025 - 10:52:52:5252] [35mhttp[39m: [35m::1 GET /swagger-ui-init.js 200 - 0.210 ms[39m
[14 Apr, 2025 - 10:52:52:5252] [35mhttp[39m: [35m::1 GET /swagger-ui-standalone-preset.js 304 - 1.070 ms[39m
[14 Apr, 2025 - 10:52:52:5252] [35mhttp[39m: [35m::1 GET /favicon-32x32.png 304 - 0.312 ms[39m
[14 Apr, 2025 - 10:52:53:5253] [35mhttp[39m: [35m::1 GET / 304 - 1.873 ms[39m
[14 Apr, 2025 - 10:52:53:5253] [35mhttp[39m: [35m::1 GET /swagger-ui.css 304 - 1.525 ms[39m
[14 Apr, 2025 - 10:52:53:5253] [35mhttp[39m: [35m::1 GET /swagger-ui-bundle.js 304 - 3.974 ms[39m
[14 Apr, 2025 - 10:52:53:5253] [35mhttp[39m: [35m::1 GET /swagger-ui-init.js 304 - 0.339 ms[39m
[14 Apr, 2025 - 10:52:53:5253] [35mhttp[39m: [35m::1 GET /swagger-ui-standalone-preset.js 304 - 1.978 ms[39m
[14 Apr, 2025 - 10:52:53:5253] [35mhttp[39m: [35m::1 GET /favicon-32x32.png 304 - 0.406 ms[39m
[14 Apr, 2025 - 10:52:53:5253] [35mhttp[39m: [35m::1 GET / 304 - 0.517 ms[39m
[14 Apr, 2025 - 10:52:53:5253] [35mhttp[39m: [35m::1 GET /swagger-ui-init.js 304 - 0.141 ms[39m
[14 Apr, 2025 - 10:52:53:5253] [35mhttp[39m: [35m::1 GET /swagger-ui.css 304 - 1.960 ms[39m
[14 Apr, 2025 - 10:52:53:5253] [35mhttp[39m: [35m::1 GET /swagger-ui-bundle.js 304 - 2.613 ms[39m
[14 Apr, 2025 - 10:52:53:5253] [35mhttp[39m: [35m::1 GET /swagger-ui-standalone-preset.js 304 - 3.662 ms[39m
[14 Apr, 2025 - 10:52:53:5253] [35mhttp[39m: [35m::1 GET /favicon-32x32.png 304 - 0.370 ms[39m
[14 Apr, 2025 - 10:52:53:5253] [35mhttp[39m: [35m::1 GET / 304 - 0.693 ms[39m
[14 Apr, 2025 - 10:52:53:5253] [35mhttp[39m: [35m::1 GET /swagger-ui-init.js 304 - 0.239 ms[39m
[14 Apr, 2025 - 10:52:53:5253] [35mhttp[39m: [35m::1 GET /swagger-ui.css 304 - 1.596 ms[39m
[14 Apr, 2025 - 10:52:53:5253] [35mhttp[39m: [35m::1 GET /swagger-ui-bundle.js 304 - 2.396 ms[39m
[14 Apr, 2025 - 10:52:53:5253] [35mhttp[39m: [35m::1 GET /swagger-ui-standalone-preset.js 304 - 2.852 ms[39m
[14 Apr, 2025 - 10:52:53:5253] [35mhttp[39m: [35m::1 GET /favicon-32x32.png 304 - 0.283 ms[39m
[14 Apr, 2025 - 10:53:06:536] [35mhttp[39m: [35m::1 GET / 304 - 1.390 ms[39m
[14 Apr, 2025 - 10:53:06:536] [35mhttp[39m: [35m::1 GET /swagger-ui-bundle.js 304 - 1.548 ms[39m
[14 Apr, 2025 - 10:53:06:536] [35mhttp[39m: [35m::1 GET /swagger-ui-standalone-preset.js 304 - 4.998 ms[39m
[14 Apr, 2025 - 10:53:06:536] [35mhttp[39m: [35m::1 GET /swagger-ui-init.js 304 - 0.181 ms[39m
[14 Apr, 2025 - 10:53:06:536] [35mhttp[39m: [35m::1 GET /swagger-ui.css 304 - 1.101 ms[39m
[14 Apr, 2025 - 10:53:06:536] [35mhttp[39m: [35m::1 GET / 304 - 0.760 ms[39m
[14 Apr, 2025 - 10:53:06:536] [35mhttp[39m: [35m::1 GET /favicon-32x32.png 304 - 1.200 ms[39m
[14 Apr, 2025 - 10:53:06:536] [35mhttp[39m: [35m::1 GET /swagger-ui.css 304 - 2.251 ms[39m
[14 Apr, 2025 - 10:53:06:536] [35mhttp[39m: [35m::1 GET /swagger-ui-bundle.js 304 - 1.864 ms[39m
[14 Apr, 2025 - 10:53:06:536] [35mhttp[39m: [35m::1 GET /swagger-ui-init.js 304 - 0.626 ms[39m
[14 Apr, 2025 - 10:53:06:536] [35mhttp[39m: [35m::1 GET /swagger-ui-standalone-preset.js 304 - 4.770 ms[39m
[14 Apr, 2025 - 10:53:06:536] [35mhttp[39m: [35m::1 GET /favicon-16x16.png 200 - 8.352 ms[39m
[14 Apr, 2025 - 10:53:06:536] [35mhttp[39m: [35m::1 GET /favicon-32x32.png 304 - 0.288 ms[39m
[14 Apr, 2025 - 10:53:14:5314] [34minfo[39m: [34m📑 Visit the documentation at: http://localhost:4100[39m
[14 Apr, 2025 - 10:53:14:5314] [34minfo[39m: [34m⚙️  Server is running on port: 4100[39m
[14 Apr, 2025 - 10:53:16:5316] [35mhttp[39m: [35m::1 GET / 304 - 2.638 ms[39m
[14 Apr, 2025 - 10:53:16:5316] [35mhttp[39m: [35m::1 GET /swagger-ui.css 304 - 2.588 ms[39m
[14 Apr, 2025 - 10:53:16:5316] [35mhttp[39m: [35m::1 GET /swagger-ui-bundle.js 304 - 3.463 ms[39m
[14 Apr, 2025 - 10:53:16:5316] [35mhttp[39m: [35m::1 GET /swagger-ui-init.js 200 - 1.103 ms[39m
[14 Apr, 2025 - 10:53:16:5316] [35mhttp[39m: [35m::1 GET /swagger-ui-standalone-preset.js 304 - 4.722 ms[39m
[14 Apr, 2025 - 10:53:16:5316] [35mhttp[39m: [35m::1 GET /favicon-32x32.png 304 - 0.928 ms[39m
[14 Apr, 2025 - 10:53:19:5319] [35mhttp[39m: [35m::1 GET / 304 - 0.786 ms[39m
[14 Apr, 2025 - 10:53:19:5319] [35mhttp[39m: [35m::1 GET /swagger-ui.css 304 - 1.479 ms[39m
[14 Apr, 2025 - 10:53:19:5319] [35mhttp[39m: [35m::1 GET /swagger-ui-bundle.js 304 - 3.519 ms[39m
[14 Apr, 2025 - 10:53:19:5319] [35mhttp[39m: [35m::1 GET /swagger-ui-init.js 304 - 0.352 ms[39m
[14 Apr, 2025 - 10:53:19:5319] [35mhttp[39m: [35m::1 GET /swagger-ui-standalone-preset.js 304 - 1.848 ms[39m
[14 Apr, 2025 - 10:53:19:5319] [35mhttp[39m: [35m::1 GET /favicon-32x32.png 304 - 0.654 ms[39m
[14 Apr, 2025 - 10:53:20:5320] [35mhttp[39m: [35m::1 GET / 304 - 0.680 ms[39m
[14 Apr, 2025 - 10:53:20:5320] [35mhttp[39m: [35m::1 GET /swagger-ui.css 304 - 1.333 ms[39m
[14 Apr, 2025 - 10:53:20:5320] [35mhttp[39m: [35m::1 GET /swagger-ui-init.js 304 - 0.550 ms[39m
[14 Apr, 2025 - 10:53:20:5320] [35mhttp[39m: [35m::1 GET /swagger-ui-bundle.js 304 - 3.901 ms[39m
[14 Apr, 2025 - 10:53:20:5320] [35mhttp[39m: [35m::1 GET /swagger-ui-standalone-preset.js 304 - 4.266 ms[39m
[14 Apr, 2025 - 10:53:20:5320] [35mhttp[39m: [35m::1 GET /favicon-32x32.png 304 - 0.426 ms[39m
[14 Apr, 2025 - 10:53:20:5320] [35mhttp[39m: [35m::1 GET / 304 - 0.575 ms[39m
[14 Apr, 2025 - 10:53:21:5321] [35mhttp[39m: [35m::1 GET /swagger-ui-init.js 304 - 0.155 ms[39m
[14 Apr, 2025 - 10:53:21:5321] [35mhttp[39m: [35m::1 GET /swagger-ui.css 304 - 1.707 ms[39m
[14 Apr, 2025 - 10:53:21:5321] [35mhttp[39m: [35m::1 GET /swagger-ui-bundle.js 304 - 2.290 ms[39m
[14 Apr, 2025 - 10:53:21:5321] [35mhttp[39m: [35m::1 GET /swagger-ui-standalone-preset.js 304 - 2.886 ms[39m
[14 Apr, 2025 - 10:53:21:5321] [35mhttp[39m: [35m::1 GET /favicon-32x32.png 304 - 0.533 ms[39m
[14 Apr, 2025 - 10:53:24:5324] [35mhttp[39m: [35m::1 GET / 304 - 1.143 ms[39m
[14 Apr, 2025 - 10:53:24:5324] [35mhttp[39m: [35m::1 GET /swagger-ui.css 304 - 0.869 ms[39m
[14 Apr, 2025 - 10:53:24:5324] [35mhttp[39m: [35m::1 GET /swagger-ui-standalone-preset.js 304 - 2.431 ms[39m
[14 Apr, 2025 - 10:53:24:5324] [35mhttp[39m: [35m::1 GET /swagger-ui-init.js 304 - 5.118 ms[39m
[14 Apr, 2025 - 10:53:24:5324] [35mhttp[39m: [35m::1 GET /swagger-ui-bundle.js 304 - 9.310 ms[39m
[14 Apr, 2025 - 10:53:24:5324] [35mhttp[39m: [35m::1 GET /favicon-32x32.png 304 - 0.396 ms[39m
[14 Apr, 2025 - 10:53:24:5324] [35mhttp[39m: [35m::1 GET / 304 - 0.493 ms[39m
[14 Apr, 2025 - 10:53:24:5324] [35mhttp[39m: [35m::1 GET /swagger-ui-init.js 304 - 0.106 ms[39m
[14 Apr, 2025 - 10:53:24:5324] [35mhttp[39m: [35m::1 GET /swagger-ui.css 304 - 1.338 ms[39m
[14 Apr, 2025 - 10:53:24:5324] [35mhttp[39m: [35m::1 GET /swagger-ui-standalone-preset.js 304 - 2.400 ms[39m
[14 Apr, 2025 - 10:53:24:5324] [35mhttp[39m: [35m::1 GET /swagger-ui-bundle.js 304 - 2.488 ms[39m
[14 Apr, 2025 - 10:53:24:5324] [35mhttp[39m: [35m::1 GET /favicon-32x32.png 304 - 0.518 ms[39m
[14 Apr, 2025 - 10:53:24:5324] [35mhttp[39m: [35m::1 GET / 304 - 0.422 ms[39m
[14 Apr, 2025 - 10:53:24:5324] [35mhttp[39m: [35m::1 GET /swagger-ui-init.js 304 - 0.240 ms[39m
[14 Apr, 2025 - 10:53:24:5324] [35mhttp[39m: [35m::1 GET /swagger-ui.css 304 - 1.456 ms[39m
[14 Apr, 2025 - 10:53:24:5324] [35mhttp[39m: [35m::1 GET /swagger-ui-standalone-preset.js 304 - 1.927 ms[39m
[14 Apr, 2025 - 10:53:24:5324] [35mhttp[39m: [35m::1 GET /swagger-ui-bundle.js 304 - 2.287 ms[39m
[14 Apr, 2025 - 10:53:24:5324] [35mhttp[39m: [35m::1 GET /favicon-32x32.png 304 - 0.270 ms[39m
[14 Apr, 2025 - 10:53:24:5324] [35mhttp[39m: [35m::1 GET / 304 - 0.393 ms[39m
[14 Apr, 2025 - 10:53:25:5325] [35mhttp[39m: [35m::1 GET /swagger-ui-init.js 304 - 0.222 ms[39m
[14 Apr, 2025 - 10:53:25:5325] [35mhttp[39m: [35m::1 GET /swagger-ui.css 304 - 2.486 ms[39m
[14 Apr, 2025 - 10:53:25:5325] [35mhttp[39m: [35m::1 GET /swagger-ui-bundle.js 304 - 3.119 ms[39m
[14 Apr, 2025 - 10:53:25:5325] [35mhttp[39m: [35m::1 GET /swagger-ui-standalone-preset.js 304 - 2.766 ms[39m
[14 Apr, 2025 - 10:53:25:5325] [35mhttp[39m: [35m::1 GET /favicon-32x32.png 304 - 0.619 ms[39m
[14 Apr, 2025 - 10:53:25:5325] [35mhttp[39m: [35m::1 GET / 304 - 0.399 ms[39m
[14 Apr, 2025 - 10:53:25:5325] [35mhttp[39m: [35m::1 GET /swagger-ui-init.js 304 - 0.263 ms[39m
[14 Apr, 2025 - 10:53:25:5325] [35mhttp[39m: [35m::1 GET /swagger-ui.css 304 - 2.024 ms[39m
[14 Apr, 2025 - 10:53:25:5325] [35mhttp[39m: [35m::1 GET /swagger-ui-bundle.js 304 - 2.543 ms[39m
[14 Apr, 2025 - 10:53:25:5325] [35mhttp[39m: [35m::1 GET /swagger-ui-standalone-preset.js 304 - 3.162 ms[39m
[14 Apr, 2025 - 10:53:25:5325] [35mhttp[39m: [35m::1 GET /favicon-32x32.png 304 - 0.270 ms[39m
[14 Apr, 2025 - 10:53:25:5325] [35mhttp[39m: [35m::1 GET / 304 - 0.639 ms[39m
[14 Apr, 2025 - 10:53:25:5325] [35mhttp[39m: [35m::1 GET /swagger-ui-init.js 304 - 0.244 ms[39m
[14 Apr, 2025 - 10:53:25:5325] [35mhttp[39m: [35m::1 GET /swagger-ui.css 304 - 1.469 ms[39m
[14 Apr, 2025 - 10:53:25:5325] [35mhttp[39m: [35m::1 GET /swagger-ui-bundle.js 304 - 1.745 ms[39m
[14 Apr, 2025 - 10:53:25:5325] [35mhttp[39m: [35m::1 GET /swagger-ui-standalone-preset.js 304 - 2.549 ms[39m
[14 Apr, 2025 - 10:53:25:5325] [35mhttp[39m: [35m::1 GET /favicon-32x32.png 304 - 0.284 ms[39m
[14 Apr, 2025 - 10:54:14:5414] [34minfo[39m: [34m📑 Visit the documentation at: http://localhost:4100[39m
[14 Apr, 2025 - 10:54:14:5414] [34minfo[39m: [34m⚙️  Server is running on port: 4100[39m
[14 Apr, 2025 - 10:59:45:5945] [34minfo[39m: [34m📑 Visit the documentation at: http://localhost:4100[39m
[14 Apr, 2025 - 10:59:45:5945] [34minfo[39m: [34m⚙️  Server is running on port: 4100[39m
[14 Apr, 2025 - 11:02:55:255] [34minfo[39m: [34m📑 Visit the documentation at: http://localhost:4100[39m
[14 Apr, 2025 - 11:02:55:255] [34minfo[39m: [34m⚙️  Server is running on port: 4100[39m
[14 Apr, 2025 - 11:03:02:32] [35mhttp[39m: [35m::1 GET / 304 - 8.265 ms[39m
[14 Apr, 2025 - 11:03:02:32] [35mhttp[39m: [35m::1 GET /swagger-ui.css 304 - 1.241 ms[39m
[14 Apr, 2025 - 11:03:02:32] [35mhttp[39m: [35m::1 GET /swagger-ui-bundle.js 304 - 4.728 ms[39m
[14 Apr, 2025 - 11:03:02:32] [35mhttp[39m: [35m::1 GET /swagger-ui-init.js 304 - 0.201 ms[39m
[14 Apr, 2025 - 11:03:02:32] [35mhttp[39m: [35m::1 GET /swagger-ui-standalone-preset.js 304 - 2.063 ms[39m
[14 Apr, 2025 - 11:03:02:32] [35mhttp[39m: [35m::1 GET /favicon-32x32.png 304 - 0.348 ms[39m
[14 Apr, 2025 - 11:03:03:33] [35mhttp[39m: [35m::1 GET / 304 - 0.931 ms[39m
[14 Apr, 2025 - 11:03:03:33] [35mhttp[39m: [35m::1 GET /swagger-ui.css 304 - 1.605 ms[39m
[14 Apr, 2025 - 11:03:03:33] [35mhttp[39m: [35m::1 GET /swagger-ui-bundle.js 304 - 5.420 ms[39m
[14 Apr, 2025 - 11:03:03:33] [35mhttp[39m: [35m::1 GET /swagger-ui-init.js 304 - 0.206 ms[39m
[14 Apr, 2025 - 11:03:03:33] [35mhttp[39m: [35m::1 GET /swagger-ui-standalone-preset.js 304 - 3.333 ms[39m
[14 Apr, 2025 - 11:03:03:33] [35mhttp[39m: [35m::1 GET /favicon-32x32.png 304 - 0.635 ms[39m
[14 Apr, 2025 - 11:03:03:33] [35mhttp[39m: [35m::1 GET / 304 - 0.295 ms[39m
[14 Apr, 2025 - 11:03:03:33] [35mhttp[39m: [35m::1 GET /swagger-ui-init.js 304 - 0.113 ms[39m
[14 Apr, 2025 - 11:03:03:33] [35mhttp[39m: [35m::1 GET /swagger-ui-bundle.js 304 - 1.338 ms[39m
[14 Apr, 2025 - 11:03:03:33] [35mhttp[39m: [35m::1 GET /swagger-ui.css 304 - 2.031 ms[39m
[14 Apr, 2025 - 11:03:03:33] [35mhttp[39m: [35m::1 GET /swagger-ui-standalone-preset.js 304 - 2.359 ms[39m
[14 Apr, 2025 - 11:03:03:33] [35mhttp[39m: [35m::1 GET /favicon-32x32.png 304 - 0.331 ms[39m
[14 Apr, 2025 - 11:03:09:39] [35mhttp[39m: [35m::1 GET /api/v1/users/current-user 304 - 143.406 ms[39m
[14 Apr, 2025 - 11:03:11:311] [35mhttp[39m: [35m::1 GET /api/v1/users/current-user 304 - 1.840 ms[39m
[14 Apr, 2025 - 11:03:46:346] [34minfo[39m: [34m📑 Visit the documentation at: http://localhost:4100[39m
[14 Apr, 2025 - 11:03:46:346] [34minfo[39m: [34m⚙️  Server is running on port: 4100[39m
[14 Apr, 2025 - 11:03:48:348] [35mhttp[39m: [35m::1 GET / 304 - 2.866 ms[39m
[14 Apr, 2025 - 11:03:48:348] [35mhttp[39m: [35m::1 GET /swagger-ui.css 304 - 5.002 ms[39m
[14 Apr, 2025 - 11:03:48:348] [35mhttp[39m: [35m::1 GET /swagger-ui-bundle.js 304 - 7.413 ms[39m
[14 Apr, 2025 - 11:03:48:348] [35mhttp[39m: [35m::1 GET /swagger-ui-standalone-preset.js 304 - 1.426 ms[39m
[14 Apr, 2025 - 11:03:48:348] [35mhttp[39m: [35m::1 GET /swagger-ui-init.js 200 - 0.543 ms[39m
[14 Apr, 2025 - 11:03:48:348] [35mhttp[39m: [35m::1 GET /favicon-32x32.png 304 - 0.330 ms[39m
[14 Apr, 2025 - 11:03:57:357] [35mhttp[39m: [35m::1 GET /api/v1/users/current-user 304 - 46.102 ms[39m
[14 Apr, 2025 - 11:04:54:454] [34minfo[39m: [34m📑 Visit the documentation at: http://localhost:4100[39m
[14 Apr, 2025 - 11:04:54:454] [34minfo[39m: [34m⚙️  Server is running on port: 4100[39m
[14 Apr, 2025 - 11:04:56:456] [35mhttp[39m: [35m::1 GET / 304 - 3.186 ms[39m
[14 Apr, 2025 - 11:04:56:456] [35mhttp[39m: [35m::1 GET /swagger-ui.css 304 - 2.203 ms[39m
[14 Apr, 2025 - 11:04:56:456] [35mhttp[39m: [35m::1 GET /swagger-ui-bundle.js 304 - 5.413 ms[39m
[14 Apr, 2025 - 11:04:56:456] [35mhttp[39m: [35m::1 GET /swagger-ui-init.js 200 - 0.746 ms[39m
[14 Apr, 2025 - 11:04:56:456] [35mhttp[39m: [35m::1 GET /swagger-ui-standalone-preset.js 304 - 7.607 ms[39m
[14 Apr, 2025 - 11:04:56:456] [35mhttp[39m: [35m::1 GET /favicon-32x32.png 304 - 0.276 ms[39m
[14 Apr, 2025 - 11:05:02:52] [35mhttp[39m: [35m::1 GET /api/v1/users/current-user 304 - 44.252 ms[39m
[14 Apr, 2025 - 11:05:43:543] [34minfo[39m: [34m📑 Visit the documentation at: http://localhost:4100[39m
[14 Apr, 2025 - 11:05:43:543] [34minfo[39m: [34m⚙️  Server is running on port: 4100[39m
[14 Apr, 2025 - 11:05:58:558] [35mhttp[39m: [35m::1 GET / 304 - 2.105 ms[39m
[14 Apr, 2025 - 11:05:58:558] [35mhttp[39m: [35m::1 GET /swagger-ui.css 304 - 2.956 ms[39m
[14 Apr, 2025 - 11:05:58:558] [35mhttp[39m: [35m::1 GET /swagger-ui-bundle.js 304 - 5.138 ms[39m
[14 Apr, 2025 - 11:05:58:558] [35mhttp[39m: [35m::1 GET /swagger-ui-standalone-preset.js 304 - 1.134 ms[39m
[14 Apr, 2025 - 11:05:58:558] [35mhttp[39m: [35m::1 GET /swagger-ui-init.js 200 - 0.404 ms[39m
[14 Apr, 2025 - 11:05:58:558] [35mhttp[39m: [35m::1 GET /favicon-32x32.png 304 - 0.169 ms[39m
[14 Apr, 2025 - 11:06:21:621] [35mhttp[39m: [35m::1 GET /api/v1/users/current-user 304 - 62.742 ms[39m
[14 Apr, 2025 - 11:06:45:645] [34minfo[39m: [34m📑 Visit the documentation at: http://localhost:4100[39m
[14 Apr, 2025 - 11:06:45:645] [34minfo[39m: [34m⚙️  Server is running on port: 4100[39m
[14 Apr, 2025 - 11:06:47:647] [35mhttp[39m: [35m::1 GET / 304 - 2.930 ms[39m
[14 Apr, 2025 - 11:06:47:647] [35mhttp[39m: [35m::1 GET /swagger-ui-init.js 200 - 0.689 ms[39m
[14 Apr, 2025 - 11:06:47:647] [35mhttp[39m: [35m::1 GET /swagger-ui.css 304 - 5.163 ms[39m
[14 Apr, 2025 - 11:06:47:647] [35mhttp[39m: [35m::1 GET /swagger-ui-bundle.js 304 - 0.722 ms[39m
[14 Apr, 2025 - 11:06:47:647] [35mhttp[39m: [35m::1 GET /swagger-ui-standalone-preset.js 304 - 1.854 ms[39m
[14 Apr, 2025 - 11:06:47:647] [35mhttp[39m: [35m::1 GET /favicon-32x32.png 304 - 0.511 ms[39m
[14 Apr, 2025 - 11:06:51:651] [35mhttp[39m: [35m::1 GET /api/v1/users/current-user 304 - 41.301 ms[39m
